<?xml version="1.0" encoding="UTF-8"?>
<!-- Generated by org.testng.reporters.JUnitReportReporter -->
<testsuite hostname="rigoswam-95YQLN3" failures="0" tests="1" name="TestNG.DemoTestNG.AnnotationsTest" time="0.007" errors="0" timestamp="2025-03-03T16:44:04 IST" skipped="0">
  <testcase classname="TestNG.DemoTestNG.AnnotationsTest" name="testMethod1" time="0.007"/>
</testsuite> <!-- TestNG.DemoTestNG.AnnotationsTest -->
