<?xml version="1.0" encoding="UTF-8"?>
<!-- Generated by org.testng.reporters.JUnitReportReporter -->
<testsuite hostname="rigoswam-95YQLN3" failures="0" tests="2" name="TestNG.DemoTestNG.NewTest" time="30.580" errors="0" timestamp="2025-03-04T13:18:12 IST" skipped="0">
  <testcase classname="TestNG.DemoTestNG.NewTest" name="TestFacebook" time="16.996"/>
  <testcase classname="TestNG.DemoTestNG.NewTest" name="TestGoogle" time="13.584"/>
</testsuite> <!-- TestNG.DemoTestNG.NewTest -->
